  Creating directories for 'ext-yaml-cpp'
  Building Custom Rule H:/PictureAnalyser/Lev_PictureAnalyser/Lev_ModelInfer/CMakeLists.txt
  Performing download step (download, verify and extract) for 'ext-yaml-cpp'
  -- ext-yaml-cpp download command succeeded.  See also H:/PictureAnalyser/Lev_PictureAnalyser/build/ext/yaml-cpp/src/ext-yaml-cpp-stamp/ext-yaml-cpp-download-*.log
  No update step for 'ext-yaml-cpp'
  No patch step for 'ext-yaml-cpp'
  Performing configure step for 'ext-yaml-cpp'
  CMake Deprecation Warning at CMakeLists.txt:5 (cmake_minimum_required):
    Compatibility with CMake < 3.5 will be removed from a future version of
    CMake.
  
    Update the VERSION argument <min> value or use a ...<max> suffix to tell
    CMake that the project does not need compatibility with older versions.
  
  
  -- Selecting Windows SDK version 10.0.22621.0 to target Windows 10.0.19045.
  -- Configuring done (0.0s)
  -- Generating done (0.0s)
  -- Build files have been written to: H:/PictureAnalyser/Lev_PictureAnalyser/build/ext/yaml-cpp/src/ext-yaml-cpp-build
  Performing build step for 'ext-yaml-cpp'
  -- ext-yaml-cpp build command succeeded.  See also H:/PictureAnalyser/Lev_PictureAnalyser/build/ext/yaml-cpp/src/ext-yaml-cpp-stamp/ext-yaml-cpp-build-*.log
  No install step for 'ext-yaml-cpp'
  Completed 'ext-yaml-cpp'
