h:\pictureanalyser\lev_pictureanalyser\build\lev_pictureanalyser\lev_pictureanalyser.dir\debug\vc143.pdb
h:\pictureanalyser\lev_pictureanalyser\build\lev_pictureanalyser\lev_pictureanalyser.dir\debug\vc143.idb
h:\pictureanalyser\lev_pictureanalyser\build\lev_pictureanalyser\lev_pictureanalyser.dir\debug\lev_pictureanalyser.obj
h:\pictureanalyser\lev_pictureanalyser\build\lev_pictureanalyser\cmakefiles\generate.stamp
h:\pictureanalyser\lev_pictureanalyser\build\lev_pictureanalyser\lev_pictureanalyser.dir\debug\lev_pictureanalyser.ilk
h:\pictureanalyser\lev_pictureanalyser\build\lev_pictureanalyser\debug\lev_pictureanalyser.dll
h:\pictureanalyser\lev_pictureanalyser\build\lev_pictureanalyser\debug\lev_pictureanalyser.pdb
h:\pictureanalyser\lev_pictureanalyser\build\lev_pictureanalyser\debug\lev_pictureanalyser.lib
h:\pictureanalyser\lev_pictureanalyser\build\lev_pictureanalyser\debug\lev_pictureanalyser.exp
h:\pictureanalyser\lev_pictureanalyser\build\lev_pictureanalyser\lev_pictureanalyser.dir\debug\lev_pict.36712220.tlog\cl.command.1.tlog
h:\pictureanalyser\lev_pictureanalyser\build\lev_pictureanalyser\lev_pictureanalyser.dir\debug\lev_pict.36712220.tlog\cl.items.tlog
h:\pictureanalyser\lev_pictureanalyser\build\lev_pictureanalyser\lev_pictureanalyser.dir\debug\lev_pict.36712220.tlog\cl.read.1.tlog
h:\pictureanalyser\lev_pictureanalyser\build\lev_pictureanalyser\lev_pictureanalyser.dir\debug\lev_pict.36712220.tlog\cl.write.1.tlog
h:\pictureanalyser\lev_pictureanalyser\build\lev_pictureanalyser\lev_pictureanalyser.dir\debug\lev_pict.36712220.tlog\custombuild.command.1.tlog
h:\pictureanalyser\lev_pictureanalyser\build\lev_pictureanalyser\lev_pictureanalyser.dir\debug\lev_pict.36712220.tlog\custombuild.read.1.tlog
h:\pictureanalyser\lev_pictureanalyser\build\lev_pictureanalyser\lev_pictureanalyser.dir\debug\lev_pict.36712220.tlog\custombuild.write.1.tlog
h:\pictureanalyser\lev_pictureanalyser\build\lev_pictureanalyser\lev_pictureanalyser.dir\debug\lev_pict.36712220.tlog\link.command.1.tlog
h:\pictureanalyser\lev_pictureanalyser\build\lev_pictureanalyser\lev_pictureanalyser.dir\debug\lev_pict.36712220.tlog\link.read.1.tlog
h:\pictureanalyser\lev_pictureanalyser\build\lev_pictureanalyser\lev_pictureanalyser.dir\debug\lev_pict.36712220.tlog\link.write.1.tlog
h:\pictureanalyser\lev_pictureanalyser\build\lev_pictureanalyser\lev_pictureanalyser.dir\debug\lev_pict.36712220.tlog\link.write.2u.tlog
