h:\pictureanalyser\lev_pictureanalyser\build\lev_modelinfer\lev_modelinfer.dir\release\utils.obj
h:\pictureanalyser\lev_pictureanalyser\build\lev_modelinfer\lev_modelinfer.dir\release\picodet_postprocess.obj
h:\pictureanalyser\lev_pictureanalyser\build\lev_modelinfer\lev_modelinfer.dir\release\object_detector.obj
h:\pictureanalyser\lev_pictureanalyser\build\lev_modelinfer\lev_modelinfer.dir\release\preprocess_op.obj
h:\pictureanalyser\lev_pictureanalyser\build\lev_modelinfer\lev_modelinfer.dir\release\main.obj
h:\pictureanalyser\lev_pictureanalyser\build\lev_modelinfer\cmakefiles\generate.stamp
h:\pictureanalyser\lev_pictureanalyser\build\lev_modelinfer\release\lev_modelinfer.dll
h:\pictureanalyser\lev_pictureanalyser\build\lev_modelinfer\release\lev_modelinfer.lib
h:\pictureanalyser\lev_pictureanalyser\build\lev_modelinfer\release\lev_modelinfer.exp
h:\pictureanalyser\lev_pictureanalyser\build\lev_modelinfer\lev_modelinfer.dir\release\lev_modelinfer.tlog\cl.command.1.tlog
h:\pictureanalyser\lev_pictureanalyser\build\lev_modelinfer\lev_modelinfer.dir\release\lev_modelinfer.tlog\cl.items.tlog
h:\pictureanalyser\lev_pictureanalyser\build\lev_modelinfer\lev_modelinfer.dir\release\lev_modelinfer.tlog\cl.read.1.tlog
h:\pictureanalyser\lev_pictureanalyser\build\lev_modelinfer\lev_modelinfer.dir\release\lev_modelinfer.tlog\cl.write.1.tlog
h:\pictureanalyser\lev_pictureanalyser\build\lev_modelinfer\lev_modelinfer.dir\release\lev_modelinfer.tlog\custombuild.command.1.tlog
h:\pictureanalyser\lev_pictureanalyser\build\lev_modelinfer\lev_modelinfer.dir\release\lev_modelinfer.tlog\custombuild.read.1.tlog
h:\pictureanalyser\lev_pictureanalyser\build\lev_modelinfer\lev_modelinfer.dir\release\lev_modelinfer.tlog\custombuild.write.1.tlog
h:\pictureanalyser\lev_pictureanalyser\build\lev_modelinfer\lev_modelinfer.dir\release\lev_modelinfer.tlog\link.command.1.tlog
h:\pictureanalyser\lev_pictureanalyser\build\lev_modelinfer\lev_modelinfer.dir\release\lev_modelinfer.tlog\link.read.1.tlog
h:\pictureanalyser\lev_pictureanalyser\build\lev_modelinfer\lev_modelinfer.dir\release\lev_modelinfer.tlog\link.write.1.tlog
h:\pictureanalyser\lev_pictureanalyser\build\lev_modelinfer\lev_modelinfer.dir\release\lev_modelinfer.tlog\link.write.2u.tlog
